2021-02-20 01:04:17.777  INFO [foodie-auth-service,,,] 43139 --- [main] com.imooc.auth.AuthApplication           : No active profile set, falling back to default profiles: default
2021-02-20 01:04:18.471  INFO [foodie-auth-service,,,] 43139 --- [main] .s.d.r.c.RepositoryConfigurationDelegate : Multiple Spring Data modules found, entering strict repository configuration mode!
2021-02-20 01:04:18.475  INFO [foodie-auth-service,,,] 43139 --- [main] .s.d.r.c.RepositoryConfigurationDelegate : Bootstrapping Spring Data repositories in DEFAULT mode.
2021-02-20 01:04:18.503  INFO [foodie-auth-service,,,] 43139 --- [main] .s.d.r.c.RepositoryConfigurationDelegate : Finished Spring Data repository scanning in 11ms. Found 0 repository interfaces.
2021-02-20 01:04:18.571  WARN [foodie-auth-service,,,] 43139 --- [main] o.s.boot.actuate.endpoint.EndpointId     : Endpoint ID 'service-registry' contains invalid characters, please migrate to a valid format.
2021-02-20 01:04:18.874  INFO [foodie-auth-service,,,] 43139 --- [main] o.s.cloud.context.scope.GenericScope     : BeanFactory id=d4b1445b-bbde-368e-9022-ad7e94c8399b
2021-02-20 01:04:19.219  INFO [foodie-auth-service,,,] 43139 --- [main] trationDelegate$BeanPostProcessorChecker : Bean 'org.springframework.cloud.autoconfigure.ConfigurationPropertiesRebinderAutoConfiguration' of type [org.springframework.cloud.autoconfigure.ConfigurationPropertiesRebinderAutoConfiguration$$EnhancerBySpringCGLIB$$164b204a] is not eligible for getting processed by all BeanPostProcessors (for example: not eligible for auto-proxying)
2021-02-20 01:04:19.607  INFO [foodie-auth-service,,,] 43139 --- [main] o.s.b.w.embedded.tomcat.TomcatWebServer  : Tomcat initialized with port(s): 10006 (http)
2021-02-20 01:04:19.632  INFO [foodie-auth-service,,,] 43139 --- [main] o.apache.catalina.core.StandardService   : Starting service [Tomcat]
2021-02-20 01:04:19.633  INFO [foodie-auth-service,,,] 43139 --- [main] org.apache.catalina.core.StandardEngine  : Starting Servlet engine: [Apache Tomcat/9.0.19]
2021-02-20 01:04:19.752  INFO [foodie-auth-service,,,] 43139 --- [main] o.a.c.c.C.[Tomcat].[localhost].[/]       : Initializing Spring embedded WebApplicationContext
2021-02-20 01:04:19.752  INFO [foodie-auth-service,,,] 43139 --- [main] o.s.web.context.ContextLoader            : Root WebApplicationContext: initialization completed in 1956 ms
2021-02-20 01:04:19.983  WARN [foodie-auth-service,,,] 43139 --- [main] c.n.c.sources.URLConfigurationSource     : No URLs will be polled as dynamic configuration sources.
2021-02-20 01:04:19.983  INFO [foodie-auth-service,,,] 43139 --- [main] c.n.c.sources.URLConfigurationSource     : To enable URLs as dynamic configuration sources, define System property archaius.configurationSource.additionalUrls or make config.properties available on classpath.
2021-02-20 01:04:19.992  INFO [foodie-auth-service,,,] 43139 --- [main] c.netflix.config.DynamicPropertyFactory  : DynamicPropertyFactory is initialized with configuration sources: com.netflix.config.ConcurrentCompositeConfiguration@36f7d7b
2021-02-20 01:04:21.093  WARN [foodie-auth-service,,,] 43139 --- [main] c.n.c.sources.URLConfigurationSource     : No URLs will be polled as dynamic configuration sources.
2021-02-20 01:04:21.093  INFO [foodie-auth-service,,,] 43139 --- [main] c.n.c.sources.URLConfigurationSource     : To enable URLs as dynamic configuration sources, define System property archaius.configurationSource.additionalUrls or make config.properties available on classpath.
2021-02-20 01:04:21.433  INFO [foodie-auth-service,,,] 43139 --- [main] o.s.s.concurrent.ThreadPoolTaskExecutor  : Initializing ExecutorService 'applicationTaskExecutor'
2021-02-20 01:04:22.172  INFO [foodie-auth-service,,,] 43139 --- [main] o.s.b.a.e.web.EndpointLinksResolver      : Exposing 20 endpoint(s) beneath base path '/actuator'
2021-02-20 01:04:22.293  INFO [foodie-auth-service,,,] 43139 --- [main] o.s.c.n.eureka.InstanceInfoFactory       : Setting initial instance status as: STARTING
2021-02-20 01:04:22.324  INFO [foodie-auth-service,,,] 43139 --- [main] com.netflix.discovery.DiscoveryClient    : Initializing Eureka in region us-east-1
2021-02-20 01:04:22.516  INFO [foodie-auth-service,,,] 43139 --- [main] c.n.d.provider.DiscoveryJerseyProvider   : Using JSON encoding codec LegacyJacksonJson
2021-02-20 01:04:22.516  INFO [foodie-auth-service,,,] 43139 --- [main] c.n.d.provider.DiscoveryJerseyProvider   : Using JSON decoding codec LegacyJacksonJson
2021-02-20 01:04:22.604  INFO [foodie-auth-service,,,] 43139 --- [main] c.n.d.provider.DiscoveryJerseyProvider   : Using XML encoding codec XStreamXml
2021-02-20 01:04:22.605  INFO [foodie-auth-service,,,] 43139 --- [main] c.n.d.provider.DiscoveryJerseyProvider   : Using XML decoding codec XStreamXml
2021-02-20 01:04:22.736  INFO [foodie-auth-service,,,] 43139 --- [main] c.n.d.s.r.aws.ConfigClusterResolver      : Resolving eureka endpoints via configuration
2021-02-20 01:04:22.756  INFO [foodie-auth-service,,,] 43139 --- [main] com.netflix.discovery.DiscoveryClient    : Disable delta property : false
2021-02-20 01:04:22.756  INFO [foodie-auth-service,,,] 43139 --- [main] com.netflix.discovery.DiscoveryClient    : Single vip registry refresh property : null
2021-02-20 01:04:22.756  INFO [foodie-auth-service,,,] 43139 --- [main] com.netflix.discovery.DiscoveryClient    : Force full registry fetch : false
2021-02-20 01:04:22.756  INFO [foodie-auth-service,,,] 43139 --- [main] com.netflix.discovery.DiscoveryClient    : Application is null : false
2021-02-20 01:04:22.756  INFO [foodie-auth-service,,,] 43139 --- [main] com.netflix.discovery.DiscoveryClient    : Registered Applications size is zero : true
2021-02-20 01:04:22.756  INFO [foodie-auth-service,,,] 43139 --- [main] com.netflix.discovery.DiscoveryClient    : Application version is -1: true
2021-02-20 01:04:22.757  INFO [foodie-auth-service,,,] 43139 --- [main] com.netflix.discovery.DiscoveryClient    : Getting all instance registry info from the eureka server
2021-02-20 01:04:22.906  INFO [foodie-auth-service,,,] 43139 --- [main] com.netflix.discovery.DiscoveryClient    : The response status is 200
2021-02-20 01:04:22.908  INFO [foodie-auth-service,,,] 43139 --- [main] com.netflix.discovery.DiscoveryClient    : Starting heartbeat executor: renew interval is: 30
2021-02-20 01:04:22.910  INFO [foodie-auth-service,,,] 43139 --- [main] c.n.discovery.InstanceInfoReplicator     : InstanceInfoReplicator onDemand update allowed rate per min is 4
2021-02-20 01:04:22.913  INFO [foodie-auth-service,,,] 43139 --- [main] com.netflix.discovery.DiscoveryClient    : Discovery Client initialized at timestamp 1613754262912 with initial instances count: 1
2021-02-20 01:04:22.919  INFO [foodie-auth-service,,,] 43139 --- [main] o.s.c.n.e.s.EurekaServiceRegistry        : Registering application FOODIE-AUTH-SERVICE with eureka with status UP
2021-02-20 01:04:22.920  INFO [foodie-auth-service,,,] 43139 --- [main] com.netflix.discovery.DiscoveryClient    : Saw local status change event StatusChangeEvent [timestamp=1613754262920, current=UP, previous=STARTING]
2021-02-20 01:04:22.921  INFO [foodie-auth-service,,,] 43139 --- [DiscoveryClient-InstanceInfoReplicator-0] com.netflix.discovery.DiscoveryClient    : DiscoveryClient_FOODIE-AUTH-SERVICE/172.20.10.3:foodie-auth-service:10006: registering service...
2021-02-20 01:04:22.956  INFO [foodie-auth-service,,,] 43139 --- [DiscoveryClient-InstanceInfoReplicator-0] com.netflix.discovery.DiscoveryClient    : DiscoveryClient_FOODIE-AUTH-SERVICE/172.20.10.3:foodie-auth-service:10006 - registration status: 204
2021-02-20 01:04:22.986  INFO [foodie-auth-service,,,] 43139 --- [main] o.s.b.w.embedded.tomcat.TomcatWebServer  : Tomcat started on port(s): 10006 (http) with context path ''
2021-02-20 01:04:22.988  INFO [foodie-auth-service,,,] 43139 --- [main] .s.c.n.e.s.EurekaAutoServiceRegistration : Updating port to 10006
2021-02-20 01:04:22.995  INFO [foodie-auth-service,,,] 43139 --- [main] com.imooc.auth.AuthApplication           : Started AuthApplication in 5.922 seconds (JVM running for 6.524)
2021-02-20 01:04:23.164  INFO [foodie-auth-service,,,] 43139 --- [RMI TCP Connection(1)-127.0.0.1] o.a.c.c.C.[Tomcat].[localhost].[/]       : Initializing Spring DispatcherServlet 'dispatcherServlet'
2021-02-20 01:04:23.164  INFO [foodie-auth-service,,,] 43139 --- [RMI TCP Connection(1)-127.0.0.1] o.s.web.servlet.DispatcherServlet        : Initializing Servlet 'dispatcherServlet'
2021-02-20 01:04:23.184  INFO [foodie-auth-service,,,] 43139 --- [RMI TCP Connection(1)-127.0.0.1] o.s.web.servlet.DispatcherServlet        : Completed initialization in 20 ms
2021-02-20 01:04:23.333  INFO [foodie-auth-service,f9ff33242c17e43f,f9ff33242c17e43f,true] 43139 --- [parallel-1] io.lettuce.core.EpollProvider            : Starting without optional epoll library
2021-02-20 01:04:23.334  INFO [foodie-auth-service,f9ff33242c17e43f,f9ff33242c17e43f,true] 43139 --- [parallel-1] io.lettuce.core.KqueueProvider           : Starting without optional kqueue library
2021-02-20 01:04:24.415  INFO [foodie-auth-service,,,] 43139 --- [AsyncReporter{org.springframework.cloud.sleuth.zipkin2.sender.RestTemplateSender@25f61c2c}] c.netflix.config.ChainedDynamicProperty  : Flipping property: ZIPKIN-SERVER.ribbon.ActiveConnectionsLimit to use NEXT property: niws.loadbalancer.availabilityFilteringRule.activeConnectionsLimit = 2147483647
2021-02-20 01:04:24.442  INFO [foodie-auth-service,,,] 43139 --- [AsyncReporter{org.springframework.cloud.sleuth.zipkin2.sender.RestTemplateSender@25f61c2c}] c.n.u.concurrent.ShutdownEnabledTimer    : Shutdown hook installed for: NFLoadBalancer-PingTimer-ZIPKIN-SERVER
2021-02-20 01:04:24.443  INFO [foodie-auth-service,,,] 43139 --- [AsyncReporter{org.springframework.cloud.sleuth.zipkin2.sender.RestTemplateSender@25f61c2c}] c.netflix.loadbalancer.BaseLoadBalancer  : Client: ZIPKIN-SERVER instantiated a LoadBalancer: DynamicServerListLoadBalancer:{NFLoadBalancer:name=ZIPKIN-SERVER,current list of Servers=[],Load balancer stats=Zone stats: {},Server stats: []}ServerList:null
2021-02-20 01:04:24.449  INFO [foodie-auth-service,,,] 43139 --- [AsyncReporter{org.springframework.cloud.sleuth.zipkin2.sender.RestTemplateSender@25f61c2c}] c.n.l.DynamicServerListLoadBalancer      : Using serverListUpdater PollingServerListUpdater
2021-02-20 01:04:24.470  INFO [foodie-auth-service,,,] 43139 --- [AsyncReporter{org.springframework.cloud.sleuth.zipkin2.sender.RestTemplateSender@25f61c2c}] c.netflix.config.ChainedDynamicProperty  : Flipping property: ZIPKIN-SERVER.ribbon.ActiveConnectionsLimit to use NEXT property: niws.loadbalancer.availabilityFilteringRule.activeConnectionsLimit = 2147483647
2021-02-20 01:04:24.472  INFO [foodie-auth-service,,,] 43139 --- [AsyncReporter{org.springframework.cloud.sleuth.zipkin2.sender.RestTemplateSender@25f61c2c}] c.n.l.DynamicServerListLoadBalancer      : DynamicServerListLoadBalancer for client ZIPKIN-SERVER initialized: DynamicServerListLoadBalancer:{NFLoadBalancer:name=ZIPKIN-SERVER,current list of Servers=[172.20.10.3:20005],Load balancer stats=Zone stats: {defaultzone=[Zone:defaultzone;	Instance count:1;	Active connections count: 0;	Circuit breaker tripped count: 0;	Active connections per server: 0.0;]
},Server stats: [[Server:172.20.10.3:20005;	Zone:defaultZone;	Total Requests:0;	Successive connection failure:0;	Total blackout seconds:0;	Last connection made:Thu Jan 01 08:00:00 CST 1970;	First connection made: Thu Jan 01 08:00:00 CST 1970;	Active Connections:0;	total failure count in last (1000) msecs:0;	average resp time:0.0;	90 percentile resp time:0.0;	95 percentile resp time:0.0;	min resp time:0.0;	max resp time:0.0;	stddev resp time:0.0]
]}ServerList:org.springframework.cloud.netflix.ribbon.eureka.DomainExtractingServerList@3e1b32d4
2021-02-20 01:04:25.454  INFO [foodie-auth-service,,,] 43139 --- [PollingServerListUpdater-0] c.netflix.config.ChainedDynamicProperty  : Flipping property: ZIPKIN-SERVER.ribbon.ActiveConnectionsLimit to use NEXT property: niws.loadbalancer.availabilityFilteringRule.activeConnectionsLimit = 2147483647
2021-02-20 01:09:22.898  INFO [foodie-auth-service,,,] 43139 --- [AsyncResolver-bootstrap-executor-0] c.n.d.s.r.aws.ConfigClusterResolver      : Resolving eureka endpoints via configuration
2021-02-20 01:14:22.900  INFO [foodie-auth-service,,,] 43139 --- [AsyncResolver-bootstrap-executor-0] c.n.d.s.r.aws.ConfigClusterResolver      : Resolving eureka endpoints via configuration
2021-02-20 01:19:22.905  INFO [foodie-auth-service,,,] 43139 --- [AsyncResolver-bootstrap-executor-0] c.n.d.s.r.aws.ConfigClusterResolver      : Resolving eureka endpoints via configuration
2021-02-20 01:24:22.927  INFO [foodie-auth-service,,,] 43139 --- [AsyncResolver-bootstrap-executor-0] c.n.d.s.r.aws.ConfigClusterResolver      : Resolving eureka endpoints via configuration
2021-02-20 01:27:16.521  INFO [foodie-auth-service,39dfeceb3298db37,667d0a9b6505e05a,true] 43139 --- [http-nio-10006-exec-1] com.imooc.auth.service.impl.JwtService   : jwt generated user=2102181NN80C81YW
2021-02-20 01:27:38.436  INFO [foodie-auth-service,24d07b7eaff1746b,6c1bb8af6d13bcb6,true] 43139 --- [http-nio-10006-exec-3] com.imooc.auth.service.impl.JwtService   : jwt verify userId=2102181NN80C81YW
2021-02-20 01:29:22.932  INFO [foodie-auth-service,,,] 43139 --- [AsyncResolver-bootstrap-executor-0] c.n.d.s.r.aws.ConfigClusterResolver      : Resolving eureka endpoints via configuration
2021-02-20 01:34:22.934  INFO [foodie-auth-service,,,] 43139 --- [AsyncResolver-bootstrap-executor-0] c.n.d.s.r.aws.ConfigClusterResolver      : Resolving eureka endpoints via configuration
2021-02-20 01:39:22.901  INFO [foodie-auth-service,,,] 43139 --- [AsyncResolver-bootstrap-executor-0] c.n.d.s.r.aws.ConfigClusterResolver      : Resolving eureka endpoints via configuration
2021-02-20 01:43:34.149  INFO [foodie-auth-service,a58c4d29ed10f5b5,f433704b3aa8d6b2,true] 43139 --- [http-nio-10006-exec-5] com.imooc.auth.service.impl.JwtService   : jwt verify userId=2102181NN80C81YW
2021-02-20 01:44:22.906  INFO [foodie-auth-service,,,] 43139 --- [AsyncResolver-bootstrap-executor-0] c.n.d.s.r.aws.ConfigClusterResolver      : Resolving eureka endpoints via configuration
